<?xml version="1.0" encoding="UTF-8"?>
<!-- Generated by org.testng.reporters.JUnitXMLReporter -->
<testsuite ignored="1" hostname="DESKTOP-TM8ETJH" failures="0" tests="9" name="myTest" time="0.933" errors="0" timestamp="2025-01-29T14:50:16 IST">
  <testcase classname="TestNG.BasicAnnotation" name="testcase01" time="0.069"/>
  <testcase classname="TestNG.BasicAnnotation" name="testcase02" time="0.011"/>
  <testcase classname="TestNG.BasicAnnotation" name="testcase03" time="0.008"/>
  <testcase classname="TestNG.BasicTestCase" name="testcase81" time="0.017"/>
  <testcase classname="TestNG.BasicTestCase" name="testcase6" time="0.017"/>
  <testcase classname="TestNG.BasicTestCase" name="testcase5" time="0.017"/>
  <testcase classname="TestNG.BasicTestCase" name="testcase3" time="0.037"/>
  <testcase classname="TestNG.BeforeAfterMethod" name="testcase1" time="0.01"/>
  <testcase classname="TestNG.BeforeAfterMethod" name="testcase2" time="0.012"/>
  <testcase classname="TestNG.BasicTestCase" name="testcase2" time="0.0">
    <ignored/>
  </testcase> <!-- testcase2 -->
</testsuite> <!-- myTest -->
