<?xml version="1.0" encoding="UTF-8"?>
<!-- Generated by org.testng.reporters.JUnitXMLReporter -->
<testsuite ignored="1" hostname="DESKTOP-TM8ETJH" failures="0" tests="1" name="myTest2" time="234.092" errors="0" timestamp="2025-02-12T15:12:46 IST">
  <testcase classname="testscripts.CategoryTest" name="verifyifnewcategoryaddcanbesearch" time="16.669"/>
  <testcase classname="testscripts.CategoryTest" name="verifyAddNewCategoryWithValidDetails" time="0.0">
    <ignored/>
  </testcase> <!-- verifyAddNewCategoryWithValidDetails -->
</testsuite> <!-- myTest2 -->
