<?xml version="1.0" encoding="UTF-8"?>
<!-- Generated by org.testng.reporters.JUnitXMLReporter -->
<testsuite ignored="1" hostname="DESKTOP-TM8ETJH" failures="0" tests="1" name="myTest1" time="85.665" errors="0" timestamp="2025-02-12T15:10:18 IST">
  <testcase classname="testscripts.CategoryTest" name="verifyifnewcategoryaddcanbesearch" time="38.632"/>
  <testcase classname="testscripts.CategoryTest" name="verifyAddNewCategoryWithValidDetails" time="0.0">
    <ignored/>
  </testcase> <!-- verifyAddNewCategoryWithValidDetails -->
</testsuite> <!-- myTest1 -->
