<?xml version="1.0" encoding="UTF-8"?>
<!-- Generated by org.testng.reporters.JUnitXMLReporter -->
<testsuite ignored="2" hostname="DESKTOP-TM8ETJH" failures="0" tests="5" name="ChromeTest" time="114.181" errors="0" timestamp="2025-02-14T14:39:14 IST">
  <testcase classname="testscripts.LoginTest" name="verifyUserWithValidCredentials" time="6.133"/>
  <testcase classname="testscripts.LoginTest" name="verifyUserLoginWithInvalidUsenameAndInvalidPassword" time="1.134"/>
  <testcase classname="testscripts.LoginTest" name="verifyUserLoginWithInvalidUsenameAndInvalidPassword" time="4.73"/>
  <testcase classname="testscripts.LoginTest" name="verifyUserLoginWithInvalidUsenameAndInvalidPassword" time="1.358"/>
  <testcase classname="testscripts.LoginTest" name="verifyUserLoginWithInvalidUsenameAndInvalidPassword" time="1.447"/>
  <testcase classname="testscripts.LoginTest" name="verifyUserLoginWithValidUsenameAndInvalidPassword" time="0.0">
    <ignored/>
  </testcase> <!-- verifyUserLoginWithValidUsenameAndInvalidPassword -->
  <testcase classname="testscripts.LoginTest" name="verifyUserLoginWithInvalidUsenameAndValidPassword" time="0.0">
    <ignored/>
  </testcase> <!-- verifyUserLoginWithInvalidUsenameAndValidPassword -->
</testsuite> <!-- ChromeTest -->
