<?xml version="1.0" encoding="UTF-8"?>
<testng-results ignored="0" total="1" passed="1" failed="0" skipped="0">
  <reporter-output>
  </reporter-output>
  <suite started-at="2025-02-19T21:52:05 IST" name="myTestSuite" finished-at="2025-02-19T21:52:21 IST" duration-ms="15948">
    <groups>
    </groups>
    <test started-at="2025-02-19T21:52:05 IST" name="myTest" finished-at="2025-02-19T21:52:21 IST" duration-ms="15948">
      <class name="testscripts.SubCategoryTest">
        <test-method is-config="true" signature="initialiseBrowser(java.lang.String)[pri:0, instance:testscripts.SubCategoryTest@446a1e84]" started-at="2025-02-19T21:52:05 IST" name="initialiseBrowser" finished-at="2025-02-19T21:52:14 IST" duration-ms="8995" status="PASS">
          <params>
            <param index="0">
              <value>
                <![CDATA[Chrome]]>
              </value>
            </param>
          </params>
          <reporter-output>
          </reporter-output>
        </test-method> <!-- initialiseBrowser -->
        <test-method signature="checkIfAdminCanEditAnExisingSubCategorySucessfully()[pri:0, instance:testscripts.SubCategoryTest@446a1e84]" started-at="2025-02-19T21:52:14 IST" name="checkIfAdminCanEditAnExisingSubCategorySucessfully" finished-at="2025-02-19T21:52:20 IST" duration-ms="6834" status="PASS">
          <reporter-output>
          </reporter-output>
        </test-method> <!-- checkIfAdminCanEditAnExisingSubCategorySucessfully -->
        <test-method is-config="true" signature="driverQuit(org.testng.ITestResult)[pri:0, instance:testscripts.SubCategoryTest@446a1e84]" started-at="2025-02-19T21:52:20 IST" name="driverQuit" finished-at="2025-02-19T21:52:20 IST" duration-ms="4" status="PASS">
          <params>
            <param index="0">
              <value>
                <![CDATA[[TestResult name=checkIfAdminCanEditAnExisingSubCategorySucessfully status=SUCCESS method=SubCategoryTest.checkIfAdminCanEditAnExisingSubCategorySucessfully()[pri:0, instance:testscripts.SubCategoryTest@446a1e84] output={null}]]]>
              </value>
            </param>
          </params>
          <reporter-output>
          </reporter-output>
        </test-method> <!-- driverQuit -->
      </class> <!-- testscripts.SubCategoryTest -->
    </test> <!-- myTest -->
  </suite> <!-- myTestSuite -->
</testng-results>
