<?xml version="1.0" encoding="UTF-8"?>
<testng-results ignored="0" total="1" passed="1" failed="0" skipped="0">
  <reporter-output>
  </reporter-output>
  <suite started-at="2025-02-18T14:59:42 IST" name="myTestSuite" finished-at="2025-02-18T15:00:16 IST" duration-ms="33956">
    <groups>
    </groups>
    <test started-at="2025-02-18T14:59:42 IST" name="myTest" finished-at="2025-02-18T15:00:16 IST" duration-ms="33956">
      <class name="testscripts.ManageProductTest">
        <test-method is-config="true" signature="initialiseBrowser(java.lang.String)[pri:0, instance:testscripts.ManageProductTest@32115b28]" started-at="2025-02-18T14:59:42 IST" name="initialiseBrowser" finished-at="2025-02-18T15:00:01 IST" duration-ms="19158" status="PASS">
          <params>
            <param index="0">
              <value>
                <![CDATA[Chrome]]>
              </value>
            </param>
          </params>
          <reporter-output>
          </reporter-output>
        </test-method> <!-- initialiseBrowser -->
        <test-method signature="checkWhetherAdminCanManageExistingProductsStatus()[pri:0, instance:testscripts.ManageProductTest@32115b28]" started-at="2025-02-18T15:00:01 IST" name="checkWhetherAdminCanManageExistingProductsStatus" finished-at="2025-02-18T15:00:16 IST" duration-ms="14509" status="PASS">
          <reporter-output>
          </reporter-output>
        </test-method> <!-- checkWhetherAdminCanManageExistingProductsStatus -->
        <test-method is-config="true" signature="driverQuit(org.testng.ITestResult)[pri:0, instance:testscripts.ManageProductTest@32115b28]" started-at="2025-02-18T15:00:16 IST" name="driverQuit" finished-at="2025-02-18T15:00:16 IST" duration-ms="6" status="PASS">
          <params>
            <param index="0">
              <value>
                <![CDATA[[TestResult name=checkWhetherAdminCanManageExistingProductsStatus status=SUCCESS method=ManageProductTest.checkWhetherAdminCanManageExistingProductsStatus()[pri:0, instance:testscripts.ManageProductTest@32115b28] output={null}]]]>
              </value>
            </param>
          </params>
          <reporter-output>
          </reporter-output>
        </test-method> <!-- driverQuit -->
      </class> <!-- testscripts.ManageProductTest -->
    </test> <!-- myTest -->
  </suite> <!-- myTestSuite -->
</testng-results>
