<?xml version="1.0" encoding="UTF-8"?>
<!-- Generated by org.testng.reporters.JUnitXMLReporter -->
<testsuite ignored="1" hostname="DESKTOP-TM8ETJH" failures="0" tests="1" name="GroupTest1" time="17.01" errors="0" timestamp="2025-02-13T13:51:40 IST">
  <testcase classname="testscripts.AdminUserTest" name="verifyIfNewAdminUserCanBeAdd" time="6.809"/>
  <testcase classname="testscripts.AdminUserTest" name="searchNewAddedAdminUser" time="0.0">
    <ignored/>
  </testcase> <!-- searchNewAddedAdminUser -->
</testsuite> <!-- GroupTest1 -->
