<?xml version="1.0" encoding="UTF-8"?>
<!-- Generated by org.testng.reporters.JUnitXMLReporter -->
<testsuite ignored="1" hostname="DESKTOP-TM8ETJH" failures="0" tests="1" name="GroupTest2" time="8.503" errors="0" timestamp="2025-02-13T13:51:49 IST">
  <testcase classname="testscripts.AdminUserTest" name="searchNewAddedAdminUser" time="2.716"/>
  <testcase classname="testscripts.AdminUserTest" name="verifyIfNewAdminUserCanBeAdd" time="0.0">
    <ignored/>
  </testcase> <!-- verifyIfNewAdminUserCanBeAdd -->
</testsuite> <!-- GroupTest2 -->
