<?xml version="1.0" encoding="UTF-8"?>
<!-- Generated by org.testng.reporters.JUnitXMLReporter -->
<testsuite ignored="2" hostname="DESKTOP-TM8ETJH" failures="0" tests="1" name="myTest" time="13.884" errors="0" timestamp="2025-02-19T22:57:52 IST">
  <testcase classname="testscripts.SubCategoryTest" name="checkIfAdminCanEditAnExisingSubCategorySucessfully" time="4.956"/>
  <testcase classname="testscripts.SubCategoryTest" name="checkWhetherAdminCanSearchwithInvalidSubCategory" time="0.0">
    <ignored/>
  </testcase> <!-- checkWhetherAdminCanSearchwithInvalidSubCategory -->
  <testcase classname="testscripts.SubCategoryTest" name="verifyIfAdminCanAddNewSubcategoryWithValidDetails" time="0.0">
    <ignored/>
  </testcase> <!-- verifyIfAdminCanAddNewSubcategoryWithValidDetails -->
</testsuite> <!-- myTest -->
