<?xml version="1.0" encoding="UTF-8"?>
<!-- Generated by org.testng.reporters.JUnitXMLReporter -->
<testsuite ignored="1" hostname="DESKTOP-TM8ETJH" failures="0" tests="1" name="myTest1" time="31.115" errors="0" timestamp="2025-02-13T12:19:05 IST">
  <testcase classname="testscripts.CategoryTest" name="verifyifnewcategoryaddcanbesearch" time="10.253"/>
  <testcase classname="testscripts.CategoryTest" name="verifyAddNewCategoryWithValidDetails" time="0.0">
    <ignored/>
  </testcase> <!-- verifyAddNewCategoryWithValidDetails -->
</testsuite> <!-- myTest1 -->
