<?xml version="1.0" encoding="UTF-8"?>
<!-- Generated by org.testng.reporters.JUnitXMLReporter -->
<testsuite ignored="2" hostname="DESKTOP-TM8ETJH" failures="0" tests="1" name="myTest" time="15.948" errors="0" timestamp="2025-02-19T21:52:22 IST">
  <testcase classname="testscripts.SubCategoryTest" name="checkIfAdminCanEditAnExisingSubCategorySucessfully" time="6.834"/>
  <testcase classname="testscripts.SubCategoryTest" name="checkWhetherAdminCanSearchwithInvalidSubCategory" time="0.0">
    <ignored/>
  </testcase> <!-- checkWhetherAdminCanSearchwithInvalidSubCategory -->
  <testcase classname="testscripts.SubCategoryTest" name="verifyIfAdminCanAddNewSubcategoryWithValidDetails" time="0.0">
    <ignored/>
  </testcase> <!-- verifyIfAdminCanAddNewSubcategoryWithValidDetails -->
</testsuite> <!-- myTest -->
