<?xml version="1.0" encoding="UTF-8"?>
<!-- Generated by org.testng.reporters.JUnitXMLReporter -->
<testsuite ignored="1" hostname="DESKTOP-TM8ETJH" failures="0" tests="5" name="test1" time="0.169" errors="0" timestamp="2025-02-01T14:16:06 IST">
  <testcase classname="TestNG.BasicTestCase" name="testcase7" time="0.021"/>
  <testcase classname="TestNG.BasicTestCase" name="testcase81" time="0.004"/>
  <testcase classname="TestNG.BasicTestCase" name="testcase6" time="0.008"/>
  <testcase classname="TestNG.BasicTestCase" name="testcase5" time="0.004"/>
  <testcase classname="TestNG.BasicTestCase" name="testcase3" time="0.005"/>
  <testcase classname="TestNG.BasicTestCase" name="testcase2" time="0.0">
    <ignored/>
  </testcase> <!-- testcase2 -->
</testsuite> <!-- test1 -->
