<?xml version="1.0" encoding="UTF-8"?>
<!-- Generated by org.testng.reporters.JUnitXMLReporter -->
<testsuite ignored="3" hostname="DESKTOP-TM8ETJH" failures="0" tests="1" name="Default test" time="54.675" errors="0" timestamp="2025-02-10T12:21:36 IST">
  <testcase classname="testscript.LoginTest" name="verifyUserLoginWithValidCredentials" time="8.527"/>
  <testcase classname="testscript.LoginTest" name="verifyUserLoginWithInvalidUsenameAndInvalidPassword" time="0.0">
    <ignored/>
  </testcase> <!-- verifyUserLoginWithInvalidUsenameAndInvalidPassword -->
  <testcase classname="testscript.LoginTest" name="verifyUserLoginWithValidUsenameAndInvalidPassword" time="0.0">
    <ignored/>
  </testcase> <!-- verifyUserLoginWithValidUsenameAndInvalidPassword -->
  <testcase classname="testscript.LoginTest" name="verifyUserLoginWithInvalidUsenameAndValidPassword" time="0.0">
    <ignored/>
  </testcase> <!-- verifyUserLoginWithInvalidUsenameAndValidPassword -->
</testsuite> <!-- Default test -->
