<?xml version="1.0" encoding="UTF-8"?>
<testng-results ignored="0" total="1" passed="1" failed="0" skipped="0">
  <reporter-output>
  </reporter-output>
  <suite started-at="2025-02-10T12:20:41 IST" name="Default suite" finished-at="2025-02-10T12:21:36 IST" duration-ms="54675">
    <groups>
    </groups>
    <test started-at="2025-02-10T12:20:41 IST" name="Default test" finished-at="2025-02-10T12:21:36 IST" duration-ms="54675">
      <class name="testscript.LoginTest">
        <test-method is-config="true" signature="initialiseBrowser()[pri:0, instance:testscript.LoginTest@1fa121e2]" started-at="2025-02-10T12:20:41 IST" name="initialiseBrowser" finished-at="2025-02-10T12:21:27 IST" duration-ms="46038" status="PASS">
          <reporter-output>
          </reporter-output>
        </test-method> <!-- initialiseBrowser -->
        <test-method signature="verifyUserLoginWithValidCredentials()[pri:0, instance:testscript.LoginTest@1fa121e2]" started-at="2025-02-10T12:21:27 IST" name="verifyUserLoginWithValidCredentials" finished-at="2025-02-10T12:21:36 IST" duration-ms="8527" status="PASS">
          <reporter-output>
          </reporter-output>
        </test-method> <!-- verifyUserLoginWithValidCredentials -->
        <test-method is-config="true" signature="afterMethod()[pri:0, instance:testscript.LoginTest@1fa121e2]" started-at="2025-02-10T12:21:36 IST" name="afterMethod" finished-at="2025-02-10T12:21:36 IST" duration-ms="3" status="PASS">
          <reporter-output>
          </reporter-output>
        </test-method> <!-- afterMethod -->
      </class> <!-- testscript.LoginTest -->
    </test> <!-- Default test -->
  </suite> <!-- Default suite -->
</testng-results>
