# JRE version: Java(TM) SE Runtime Environment (17.0.12+8) (build 17.0.12+8-LTS-286)
# Java VM: Java HotSpot(TM) 64-Bit Server VM (17.0.12+8-LTS-286, mixed mode, sharing, tiered, compressed oops, compressed class ptrs, g1 gc, windows-amd64)
GC Precious Log:
 CPUs: 4 total, 4 available
 Memory: 6059M
 Large Page Support: Disabled
 NUMA Support: Disabled
 Compressed Oops: Enabled (32-bit)
 Heap Region Size: 1M
 Heap Min Capacity: 8M
 Heap Initial Capacity: 96M
 Heap Max Capacity: 1516M
 Pre-touch: Disabled
 Parallel Workers: 4
 Concurrent Workers: 1
 Concurrent Refinement Workers: 4
 Periodic GC: Disabled
Heap:
 garbage-first heap   total 61440K, used 28215K [0x00000000a1400000, 0x0000000100000000)
  region size 1024K, 15 young (15360K), 3 survivors (3072K)
 Metaspace       used 29969K, committed 30336K, reserved 1114112K
  class space    used 3515K, committed 3712K, reserved 1048576K
GC Heap History (20 events):
Event: 0.719 GC heap before
{Heap before GC invocations=0 (full 0):
 garbage-first heap   total 98304K, used 13312K [0x00000000a1400000, 0x0000000100000000)
  region size 1024K, 13 young (13312K), 0 survivors (0K)
 Metaspace       used 3468K, committed 3648K, reserved 1114112K
  class space    used 363K, committed 448K, reserved 1048576K
}
Event: 0.731 GC heap after
{Heap after GC invocations=1 (full 0):
 garbage-first heap   total 98304K, used 7240K [0x00000000a1400000, 0x0000000100000000)
  region size 1024K, 2 young (2048K), 2 survivors (2048K)
 Metaspace       used 3468K, committed 3648K, reserved 1114112K
  class space    used 363K, committed 448K, reserved 1048576K
}
Event: 1.182 GC heap before
{Heap before GC invocations=1 (full 0):
 garbage-first heap   total 98304K, used 14408K [0x00000000a1400000, 0x0000000100000000)
  region size 1024K, 10 young (10240K), 2 survivors (2048K)
 Metaspace       used 6040K, committed 6208K, reserved 1114112K
  class space    used 658K, committed 768K, reserved 1048576K
}
Event: 1.188 GC heap after
{Heap after GC invocations=2 (full 0):
 garbage-first heap   total 98304K, used 8082K [0x00000000a1400000, 0x0000000100000000)
  region size 1024K, 1 young (1024K), 1 survivors (1024K)
 Metaspace       used 6040K, committed 6208K, reserved 1114112K
  class space    used 658K, committed 768K, reserved 1048576K
}
Event: 1.989 GC heap before
{Heap before GC invocations=2 (full 0):
 garbage-first heap   total 98304K, used 28562K [0x00000000a1400000, 0x0000000100000000)
  region size 1024K, 21 young (21504K), 1 survivors (1024K)
 Metaspace       used 9845K, committed 10112K, reserved 1114112K
  class space    used 1145K, committed 1280K, reserved 1048576K
}
Event: 1.998 GC heap after
{Heap after GC invocations=3 (full 0):
 garbage-first heap   total 98304K, used 9129K [0x00000000a1400000, 0x0000000100000000)
  region size 1024K, 2 young (2048K), 2 survivors (2048K)
 Metaspace       used 9845K, committed 10112K, reserved 1114112K
  class space    used 1145K, committed 1280K, reserved 1048576K
}
Event: 25.208 GC heap before
{Heap before GC invocations=3 (full 0):
 garbage-first heap   total 98304K, used 42921K [0x00000000a1400000, 0x0000000100000000)
  region size 1024K, 36 young (36864K), 2 survivors (2048K)
 Metaspace       used 21209K, committed 21504K, reserved 1114112K
  class space    used 2585K, committed 2752K, reserved 1048576K
}
Event: 25.223 GC heap after
{Heap after GC invocations=4 (full 0):
 garbage-first heap   total 98304K, used 12684K [0x00000000a1400000, 0x0000000100000000)
  region size 1024K, 6 young (6144K), 6 survivors (6144K)
 Metaspace       used 21209K, committed 21504K, reserved 1114112K
  class space    used 2585K, committed 2752K, reserved 1048576K
}
Event: 30.128 GC heap before
{Heap before GC invocations=5 (full 0):
 garbage-first heap   total 51200K, used 37260K [0x00000000a1400000, 0x0000000100000000)
  region size 1024K, 30 young (30720K), 6 survivors (6144K)
 Metaspace       used 24384K, committed 24768K, reserved 1114112K
  class space    used 3008K, committed 3200K, reserved 1048576K
}
Event: 30.143 GC heap after
{Heap after GC invocations=6 (full 0):
 garbage-first heap   total 61440K, used 13908K [0x00000000a1400000, 0x0000000100000000)
  region size 1024K, 2 young (2048K), 2 survivors (2048K)
 Metaspace       used 24384K, committed 24768K, reserved 1114112K
  class space    used 3008K, committed 3200K, reserved 1048576K
}
Event: 30.186 GC heap before
{Heap before GC invocations=6 (full 0):
 garbage-first heap   total 61440K, used 40532K [0x00000000a1400000, 0x0000000100000000)
  region size 1024K, 28 young (28672K), 2 survivors (2048K)
 Metaspace       used 24384K, committed 24768K, reserved 1114112K
  class space    used 3008K, committed 3200K, reserved 1048576K
}
Event: 30.190 GC heap after
{Heap after GC invocations=7 (full 0):
 garbage-first heap   total 61440K, used 14362K [0x00000000a1400000, 0x0000000100000000)
  region size 1024K, 2 young (2048K), 2 survivors (2048K)
 Metaspace       used 24384K, committed 24768K, reserved 1114112K
  class space    used 3008K, committed 3200K, reserved 1048576K
}
Event: 100.239 GC heap before
{Heap before GC invocations=7 (full 0):
 garbage-first heap   total 61440K, used 42010K [0x00000000a1400000, 0x0000000100000000)
  region size 1024K, 30 young (30720K), 2 survivors (2048K)
 Metaspace       used 27763K, committed 28160K, reserved 1114112K
  class space    used 3399K, committed 3584K, reserved 1048576K
}
Event: 100.247 GC heap after
{Heap after GC invocations=8 (full 0):
 garbage-first heap   total 61440K, used 15538K [0x00000000a1400000, 0x0000000100000000)
  region size 1024K, 3 young (3072K), 3 survivors (3072K)
 Metaspace       used 27763K, committed 28160K, reserved 1114112K
  class space    used 3399K, committed 3584K, reserved 1048576K
}
Event: 209.541 GC heap before
{Heap before GC invocations=8 (full 0):
 garbage-first heap   total 61440K, used 43186K [0x00000000a1400000, 0x0000000100000000)
  region size 1024K, 31 young (31744K), 3 survivors (3072K)
 Metaspace       used 28875K, committed 29248K, reserved 1114112K
  class space    used 3490K, committed 3712K, reserved 1048576K
}
Event: 209.551 GC heap after
{Heap after GC invocations=9 (full 0):
 garbage-first heap   total 61440K, used 16313K [0x00000000a1400000, 0x0000000100000000)
  region size 1024K, 3 young (3072K), 3 survivors (3072K)
 Metaspace       used 28875K, committed 29248K, reserved 1114112K
  class space    used 3490K, committed 3712K, reserved 1048576K
}
Event: 495.852 GC heap before
{Heap before GC invocations=9 (full 0):
 garbage-first heap   total 61440K, used 43961K [0x00000000a1400000, 0x0000000100000000)
  region size 1024K, 31 young (31744K), 3 survivors (3072K)
 Metaspace       used 29366K, committed 29760K, reserved 1114112K
  class space    used 3499K, committed 3712K, reserved 1048576K
}
Event: 495.862 GC heap after
{Heap after GC invocations=10 (full 0):
 garbage-first heap   total 61440K, used 17370K [0x00000000a1400000, 0x0000000100000000)
  region size 1024K, 2 young (2048K), 2 survivors (2048K)
 Metaspace       used 29366K, committed 29760K, reserved 1114112K
  class space    used 3499K, committed 3712K, reserved 1048576K
}
Event: 611.929 GC heap before
{Heap before GC invocations=10 (full 0):
 garbage-first heap   total 61440K, used 46042K [0x00000000a1400000, 0x0000000100000000)
  region size 1024K, 31 young (31744K), 2 survivors (2048K)
 Metaspace       used 29892K, committed 30272K, reserved 1114112K
  class space    used 3514K, committed 3712K, reserved 1048576K
}
Event: 611.936 GC heap after
{Heap after GC invocations=11 (full 0):
 garbage-first heap   total 61440K, used 17975K [0x00000000a1400000, 0x0000000100000000)
  region size 1024K, 3 young (3072K), 3 survivors (3072K)
 Metaspace       used 29892K, committed 30272K, reserved 1114112K
  class space    used 3514K, committed 3712K, reserved 1048576K
}

